Flutter crash report; please file at https://github.com/flutter/flutter/issues.

## command

flutter pub get

## exception

NoSuchMethodError: NoSuchMethodError: The getter 'length' was called on null.
Receiver: null
Tried calling: length

```
#0      Object.noSuchMethod (dart:core-patch/object_patch.dart:53:5)
#1      Utf8Encoder.convert (dart:convert/utf.dart:81:31)
#2      Codec.encode (dart:convert/codec.dart:23:32)
#3      _File.writeAsStringSync (dart:io/file_impl.dart:638:31)
#4      ForwardingFile.writeAsStringSync (package:file/src/forwarding/forwarding_file.dart:154:16)
#5      Cache.setStampFor (package:flutter_tools/src/cache.dart:308:35)
#6      CachedArtifact.update (package:flutter_tools/src/cache.dart:463:11)
<asynchronous suspension>
#7      Cache.updateAll (package:flutter_tools/src/cache.dart:360:24)
<asynchronous suspension>
#8      FlutterCommand.verifyThenRunCommand (package:flutter_tools/src/runner/flutter_command.dart:595:19)
<asynchronous suspension>
#9      FlutterCommand.run.<anonymous closure> (package:flutter_tools/src/runner/flutter_command.dart:515:33)
<asynchronous suspension>
#10     AppContext.run.<anonymous closure> (package:flutter_tools/src/base/context.dart:146:29)
#11     _rootRun (dart:async/zone.dart:1126:13)
#12     _CustomZone.run (dart:async/zone.dart:1023:19)
#13     _runZoned (dart:async/zone.dart:1518:10)
#14     runZoned (dart:async/zone.dart:1465:12)
#15     AppContext.run (package:flutter_tools/src/base/context.dart:145:18)
#16     FlutterCommand.run (package:flutter_tools/src/runner/flutter_command.dart:505:20)
#17     CommandRunner.runCommand (package:args/command_runner.dart:197:27)
#18     FlutterCommandRunner.runCommand.<anonymous closure> (package:flutter_tools/src/runner/flutter_command_runner.dart:413:21)
<asynchronous suspension>
#19     AppContext.run.<anonymous closure> (package:flutter_tools/src/base/context.dart:146:29)
#20     _rootRun (dart:async/zone.dart:1126:13)
#21     _CustomZone.run (dart:async/zone.dart:1023:19)
#22     _runZoned (dart:async/zone.dart:1518:10)
#23     runZoned (dart:async/zone.dart:1465:12)
#24     AppContext.run (package:flutter_tools/src/base/context.dart:145:18)
#25     FlutterCommandRunner.runCommand (package:flutter_tools/src/runner/flutter_command_runner.dart:364:19)
#26     CommandRunner.run.<anonymous closure> (package:args/command_runner.dart:112:25)
#27     new Future.sync (dart:async/future.dart:224:31)
#28     CommandRunner.run (package:args/command_runner.dart:112:14)
#29     FlutterCommandRunner.run (package:flutter_tools/src/runner/flutter_command_runner.dart:250:18)
#30     run.<anonymous closure>.<anonymous closure> (package:flutter_tools/runner.dart:63:22)
#31     _rootRun (dart:async/zone.dart:1126:13)
#32     _CustomZone.run (dart:async/zone.dart:1023:19)
#33     _runZoned (dart:async/zone.dart:1518:10)
#34     runZoned (dart:async/zone.dart:1502:12)
#35     run.<anonymous closure> (package:flutter_tools/runner.dart:61:18)
<asynchronous suspension>
#36     AppContext.run.<anonymous closure> (package:flutter_tools/src/base/context.dart:146:29)
#37     _rootRun (dart:async/zone.dart:1126:13)
#38     _CustomZone.run (dart:async/zone.dart:1023:19)
#39     _runZoned (dart:async/zone.dart:1518:10)
#40     runZoned (dart:async/zone.dart:1465:12)
#41     AppContext.run (package:flutter_tools/src/base/context.dart:145:18)
#42     runInContext (package:flutter_tools/src/context_runner.dart:64:24)
#43     run (package:flutter_tools/runner.dart:50:10)
#44     main (package:flutter_tools/executable.dart:65:9)
#45     main (file:///C:/Program%20Files/flutter/packages/flutter_tools/bin/flutter_tools.dart:8:3)
#46     _startIsolate.<anonymous closure> (dart:isolate-patch/isolate_patch.dart:305:32)
#47     _RawReceivePortImpl._handleMessage (dart:isolate-patch/isolate_patch.dart:174:12)
```

## flutter doctor

```
[✓] Flutter (Channel stable, v1.16.4-pre.2233, on Microsoft Windows [Version 10.0.18363.1256], locale en-US)
    • Flutter version 1.16.4-pre.2233 at C:\Program Files\flutter
    • Framework revision 7891006299 (7 days ago), 2020-12-10 11:54:40 -0800
    • Engine revision ae90085a84
    • Dart version 2.7.0

[!] Android toolchain - develop for Android devices (Android SDK version 30.0.2)
    • Android SDK at C:\Users\ghader\AppData\Local\Android\sdk
    • Android NDK location not configured (optional; useful for native profiling support)
    • Platform android-30, build-tools 30.0.2
    • Java binary at: C:\Program Files\Android\Android Studio\jre\bin\java
    • Java version OpenJDK Runtime Environment (build 1.8.0_212-release-1586-b04)
    ! Some Android licenses not accepted.  To resolve this, run: flutter doctor --android-licenses

[✓] Android Studio (version 3.6)
    • Android Studio at C:\Program Files\Android\Android Studio
    • Flutter plugin version 49.0.1
    • Dart plugin version 192.8052
    • Java version OpenJDK Runtime Environment (build 1.8.0_212-release-1586-b04)

[✓] VS Code (version 1.52.0)
    • VS Code at C:\Users\ghader\AppData\Local\Programs\Microsoft VS Code
    • Flutter extension version 3.17.0

[✓] Connected device (1 available)
    • SM A505F • R58M369E2DX • android-arm64 • Android 10 (API 29)

! Doctor found issues in 1 category.
```
